<?xml version="1.0" encoding="UTF-8"?>
<!-- Generated by org.testng.reporters.JUnitXMLReporter -->
<testsuite ignored="2" hostname="DESKTOP-A4TM5HO" failures="0" tests="0" time="0.004" errors="0" timestamp="28 Sep 2023 08:17:14 GMT">
  <testcase classname="com.pom.TestNG.TestNGIgnoringTests" name="testMethod1" time="0.0">
    <ignored/>
  </testcase> <!-- testMethod1 -->
  <testcase classname="com.pom.TestNG.TestNGIgnoringTests" name="testMethod2" time="0.0">
    <ignored/>
  </testcase> <!-- testMethod2 -->
</testsuite>
